[2017-03-24 16:25:14,154: DEBUG/sjhan] Start Healthcheck at (2017-03-24 16:25:14)
[2017-03-24 16:25:14,158: DEBUG/sjhan] Desination URL : daum.net
[2017-03-24 16:25:19,385: WARNING/sjhan] Connection Failed
[2017-03-24 16:25:19,388: DEBUG/connectionpool] Starting new HTTP connection (1): www.naver.com
[2017-03-24 16:25:20,404: DEBUG/connectionpool] http://www.naver.com:80 "GET / HTTP/1.1" 200 22048
[2017-03-24 16:25:20,532: DEBUG/sjhan] ### 네이버 실시간 검색어 ###

[2017-03-24 16:25:20,533: DEBUG/sjhan] 
[2017-03-24 16:25:20,533: DEBUG/sjhan] 1위: 미운우리새끼
[2017-03-24 16:25:20,533: DEBUG/sjhan] 
[2017-03-24 16:25:20,533: DEBUG/sjhan] 2위: 장희진
[2017-03-24 16:25:20,533: DEBUG/sjhan] 
[2017-03-24 16:25:20,533: DEBUG/sjhan] 3위: 김지수
[2017-03-24 16:25:20,533: DEBUG/sjhan] 
[2017-03-24 16:25:20,534: DEBUG/sjhan] 4위: 윤식당
[2017-03-24 16:25:20,534: DEBUG/sjhan] 
[2017-03-24 16:25:20,534: DEBUG/sjhan] 5위: 스윙스
[2017-03-24 16:25:20,534: DEBUG/sjhan] 
[2017-03-24 16:25:20,534: DEBUG/sjhan] 6위: 차주혁
[2017-03-24 16:25:20,534: DEBUG/sjhan] 
[2017-03-24 16:25:20,535: DEBUG/sjhan] 7위: 정유미
[2017-03-24 16:25:20,535: DEBUG/sjhan] 
[2017-03-24 16:25:20,535: DEBUG/sjhan] 8위: 고등래퍼
[2017-03-24 16:25:20,535: DEBUG/sjhan] 
[2017-03-24 16:25:20,535: DEBUG/sjhan] 9위: 아이유
[2017-03-24 16:25:20,535: DEBUG/sjhan] 
[2017-03-24 16:25:20,535: DEBUG/sjhan] 10위: 나혼자산다
[2017-03-24 16:25:20,536: DEBUG/sjhan] 
[2017-03-24 16:25:20,536: DEBUG/sjhan] 11위: 히든 피겨스
[2017-03-24 16:25:20,536: DEBUG/sjhan] 
[2017-03-24 16:25:20,536: DEBUG/sjhan] 12위: 아나필락시스
[2017-03-24 16:25:20,536: DEBUG/sjhan] 
[2017-03-24 16:25:20,536: DEBUG/sjhan] 13위: 아이유 밤편지
[2017-03-24 16:25:20,536: DEBUG/sjhan] 
[2017-03-24 16:25:20,537: DEBUG/sjhan] 14위: 구혜선
[2017-03-24 16:25:20,537: DEBUG/sjhan] 
[2017-03-24 16:25:20,537: DEBUG/sjhan] 15위: 허지웅
[2017-03-24 16:25:20,537: DEBUG/sjhan] 
[2017-03-24 16:25:20,537: DEBUG/sjhan] 16위: 최하민
[2017-03-24 16:25:20,537: DEBUG/sjhan] 
[2017-03-24 16:25:20,537: DEBUG/sjhan] 17위: 보통사람
[2017-03-24 16:25:20,538: DEBUG/sjhan] 
[2017-03-24 16:25:20,538: DEBUG/sjhan] 18위: 언니들의 슬램덩크 시즌2
[2017-03-24 16:25:20,538: DEBUG/sjhan] 
[2017-03-24 16:25:20,538: DEBUG/sjhan] 19위: 양홍원
[2017-03-24 16:25:20,538: DEBUG/sjhan] 
[2017-03-24 16:25:20,538: DEBUG/sjhan] 20위: 프리드로우
[2017-03-24 16:25:20,538: DEBUG/sjhan] 
[2017-03-24 16:26:17,445: DEBUG/sjhan] Start Healthcheck at (2017-03-24 16:26:17)
[2017-03-24 16:26:17,445: DEBUG/sjhan] Desination URL : daum.net
[2017-03-24 16:26:21,892: DEBUG/sjhan] Success
[2017-03-24 16:26:21,896: DEBUG/connectionpool] Starting new HTTP connection (1): www.naver.com
[2017-03-24 16:26:23,003: DEBUG/connectionpool] http://www.naver.com:80 "GET / HTTP/1.1" 200 22137
[2017-03-24 16:26:23,105: DEBUG/sjhan] ### 네이버 실시간 검색어 ###
[2017-03-24 16:26:23,105: DEBUG/sjhan] 
[2017-03-24 16:26:23,110: DEBUG/sjhan] 1위: 미운우리새끼
[2017-03-24 16:26:23,112: DEBUG/sjhan] 
[2017-03-24 16:26:23,112: DEBUG/sjhan] 2위: 장희진
[2017-03-24 16:26:23,115: DEBUG/sjhan] 
[2017-03-24 16:26:23,116: DEBUG/sjhan] 3위: 김지수
[2017-03-24 16:26:23,120: DEBUG/sjhan] 
[2017-03-24 16:26:23,120: DEBUG/sjhan] 4위: 윤식당
[2017-03-24 16:26:23,120: DEBUG/sjhan] 
[2017-03-24 16:26:23,120: DEBUG/sjhan] 5위: 스윙스
[2017-03-24 16:26:23,121: DEBUG/sjhan] 
[2017-03-24 16:26:23,121: DEBUG/sjhan] 6위: 차주혁
[2017-03-24 16:26:23,121: DEBUG/sjhan] 
[2017-03-24 16:26:23,121: DEBUG/sjhan] 7위: 정유미
[2017-03-24 16:26:23,121: DEBUG/sjhan] 
[2017-03-24 16:26:23,122: DEBUG/sjhan] 8위: 고등래퍼
[2017-03-24 16:26:23,122: DEBUG/sjhan] 
[2017-03-24 16:26:23,122: DEBUG/sjhan] 9위: 아이유
[2017-03-24 16:26:23,122: DEBUG/sjhan] 
[2017-03-24 16:26:23,122: DEBUG/sjhan] 10위: 나혼자산다
[2017-03-24 16:26:23,122: DEBUG/sjhan] 
[2017-03-24 16:26:23,122: DEBUG/sjhan] 11위: 히든 피겨스
[2017-03-24 16:26:23,122: DEBUG/sjhan] 
[2017-03-24 16:26:23,122: DEBUG/sjhan] 12위: 구혜선
[2017-03-24 16:26:23,122: DEBUG/sjhan] 
[2017-03-24 16:26:23,123: DEBUG/sjhan] 13위: 아이유 밤편지
[2017-03-24 16:26:23,123: DEBUG/sjhan] 
[2017-03-24 16:26:23,123: DEBUG/sjhan] 14위: 허지웅
[2017-03-24 16:26:23,123: DEBUG/sjhan] 
[2017-03-24 16:26:23,123: DEBUG/sjhan] 15위: 최하민
[2017-03-24 16:26:23,123: DEBUG/sjhan] 
[2017-03-24 16:26:23,123: DEBUG/sjhan] 16위: 보통사람
[2017-03-24 16:26:23,123: DEBUG/sjhan] 
[2017-03-24 16:26:23,123: DEBUG/sjhan] 17위: 언니들의 슬램덩크 시즌2
[2017-03-24 16:26:23,123: DEBUG/sjhan] 
[2017-03-24 16:26:23,124: DEBUG/sjhan] 18위: 프리드로우
[2017-03-24 16:26:23,124: DEBUG/sjhan] 
[2017-03-24 16:26:23,124: DEBUG/sjhan] 19위: 양홍원
[2017-03-24 16:26:23,124: DEBUG/sjhan] 
[2017-03-24 16:26:23,124: DEBUG/sjhan] 20위: 힘쎈여자 도봉순
[2017-03-24 16:26:23,124: DEBUG/sjhan] 
[2017-03-26 09:16:40,133: DEBUG/sjhan] Start Healthcheck at (2017-03-26 09:16:40)
[2017-03-26 09:16:40,134: DEBUG/sjhan] Desination URL : daum.net
[2017-03-26 09:16:44,551: DEBUG/sjhan] Success
[2017-03-26 09:16:44,556: DEBUG/connectionpool] Starting new HTTP connection (1): www.naver.com
[2017-03-26 09:16:45,039: DEBUG/connectionpool] http://www.naver.com:80 "GET / HTTP/1.1" 200 21480
[2017-03-26 09:16:45,162: DEBUG/sjhan] ### 네이버 실시간 검색어 ###
[2017-03-26 09:16:45,162: DEBUG/sjhan] 
[2017-03-26 09:16:45,163: DEBUG/sjhan] 1위: 복면가왕 진달래
[2017-03-26 09:16:45,163: DEBUG/sjhan] 
[2017-03-26 09:16:45,163: DEBUG/sjhan] 2위: 로제
[2017-03-26 09:16:45,163: DEBUG/sjhan] 
[2017-03-26 09:16:45,164: DEBUG/sjhan] 3위: 강한나
[2017-03-26 09:16:45,164: DEBUG/sjhan] 
[2017-03-26 09:16:45,164: DEBUG/sjhan] 4위: 스타크래프트 리마스터
[2017-03-26 09:16:45,164: DEBUG/sjhan] 
[2017-03-26 09:16:45,165: DEBUG/sjhan] 5위: 신보라
[2017-03-26 09:16:45,165: DEBUG/sjhan] 
[2017-03-26 09:16:45,165: DEBUG/sjhan] 6위: 복면가왕 김탁구
[2017-03-26 09:16:45,165: DEBUG/sjhan] 
[2017-03-26 09:16:45,166: DEBUG/sjhan] 7위: 런닝맨
[2017-03-26 09:16:45,166: DEBUG/sjhan] 
[2017-03-26 09:16:45,166: DEBUG/sjhan] 8위: 복면가왕
[2017-03-26 09:16:45,167: DEBUG/sjhan] 
[2017-03-26 09:16:45,167: DEBUG/sjhan] 9위: 자로
[2017-03-26 09:16:45,167: DEBUG/sjhan] 
[2017-03-26 09:16:45,167: DEBUG/sjhan] 10위: 정키
[2017-03-26 09:16:45,168: DEBUG/sjhan] 
[2017-03-26 09:16:45,168: DEBUG/sjhan] 11위: 이해인
[2017-03-26 09:16:45,168: DEBUG/sjhan] 
[2017-03-26 09:16:45,168: DEBUG/sjhan] 12위: 터널
[2017-03-26 09:16:45,169: DEBUG/sjhan] 
[2017-03-26 09:16:45,169: DEBUG/sjhan] 13위: 1박2일
[2017-03-26 09:16:45,169: DEBUG/sjhan] 
[2017-03-26 09:16:45,169: DEBUG/sjhan] 14위: 프리즌
[2017-03-26 09:16:45,170: DEBUG/sjhan] 
[2017-03-26 09:16:45,170: DEBUG/sjhan] 15위: 부산날씨
[2017-03-26 09:16:45,170: DEBUG/sjhan] 
[2017-03-26 09:16:45,170: DEBUG/sjhan] 16위: 슈퍼맨이돌아왔다
[2017-03-26 09:16:45,171: DEBUG/sjhan] 
[2017-03-26 09:16:45,171: DEBUG/sjhan] 17위: 인기가요
[2017-03-26 09:16:45,171: DEBUG/sjhan] 
[2017-03-26 09:16:45,171: DEBUG/sjhan] 18위: kbs온에어
[2017-03-26 09:16:45,172: DEBUG/sjhan] 
[2017-03-26 09:16:45,172: DEBUG/sjhan] 19위: 갤럭시s8
[2017-03-26 09:16:45,172: DEBUG/sjhan] 
[2017-03-26 09:16:45,172: DEBUG/sjhan] 20위: 박보영
[2017-03-26 09:16:45,173: DEBUG/sjhan] 
[2017-03-26 09:17:48,717: DEBUG/sjhan] Start Healthcheck at (2017-03-26 09:17:48)
[2017-03-26 09:17:48,718: DEBUG/sjhan] Desination URL : daum.net
[2017-03-26 09:17:53,959: WARNING/sjhan] Connection Failed
[2017-03-26 09:17:53,970: DEBUG/connectionpool] Starting new HTTP connection (1): www.naver.com
[2017-03-26 09:17:54,590: DEBUG/connectionpool] http://www.naver.com:80 "GET / HTTP/1.1" 200 21895
[2017-03-26 09:17:54,771: DEBUG/sjhan] ### 네이버 실시간 검색어 ###
[2017-03-26 09:17:54,771: DEBUG/sjhan] 
[2017-03-26 09:17:54,771: DEBUG/sjhan] 1위: 복면가왕 진달래
[2017-03-26 09:17:54,771: DEBUG/sjhan] 
[2017-03-26 09:17:54,771: DEBUG/sjhan] 2위: 로제
[2017-03-26 09:17:54,771: DEBUG/sjhan] 
[2017-03-26 09:17:54,772: DEBUG/sjhan] 3위: 강한나
[2017-03-26 09:17:54,772: DEBUG/sjhan] 
[2017-03-26 09:17:54,772: DEBUG/sjhan] 4위: 신보라
[2017-03-26 09:17:54,773: DEBUG/sjhan] 
[2017-03-26 09:17:54,773: DEBUG/sjhan] 5위: 스타크래프트 리마스터
[2017-03-26 09:17:54,773: DEBUG/sjhan] 
[2017-03-26 09:17:54,773: DEBUG/sjhan] 6위: 전소민
[2017-03-26 09:17:54,774: DEBUG/sjhan] 
[2017-03-26 09:17:54,774: DEBUG/sjhan] 7위: 복면가왕 김탁구
[2017-03-26 09:17:54,774: DEBUG/sjhan] 
[2017-03-26 09:17:54,774: DEBUG/sjhan] 8위: 런닝맨
[2017-03-26 09:17:54,774: DEBUG/sjhan] 
[2017-03-26 09:17:54,775: DEBUG/sjhan] 9위: 복면가왕
[2017-03-26 09:17:54,775: DEBUG/sjhan] 
[2017-03-26 09:17:54,775: DEBUG/sjhan] 10위: 자로
[2017-03-26 09:17:54,775: DEBUG/sjhan] 
[2017-03-26 09:17:54,776: DEBUG/sjhan] 11위: 정키
[2017-03-26 09:17:54,777: DEBUG/sjhan] 
[2017-03-26 09:17:54,777: DEBUG/sjhan] 12위: 이해인
[2017-03-26 09:17:54,778: DEBUG/sjhan] 
[2017-03-26 09:17:54,779: DEBUG/sjhan] 13위: 터널
[2017-03-26 09:17:54,779: DEBUG/sjhan] 
[2017-03-26 09:17:54,780: DEBUG/sjhan] 14위: 슈퍼맨이돌아왔다
[2017-03-26 09:17:54,781: DEBUG/sjhan] 
[2017-03-26 09:17:54,781: DEBUG/sjhan] 15위: 부산날씨
[2017-03-26 09:17:54,781: DEBUG/sjhan] 
[2017-03-26 09:17:54,781: DEBUG/sjhan] 16위: 프리즌
[2017-03-26 09:17:54,782: DEBUG/sjhan] 
[2017-03-26 09:17:54,782: DEBUG/sjhan] 17위: 1박2일
[2017-03-26 09:17:54,782: DEBUG/sjhan] 
[2017-03-26 09:17:54,782: DEBUG/sjhan] 18위: kbs온에어
[2017-03-26 09:17:54,783: DEBUG/sjhan] 
[2017-03-26 09:17:54,783: DEBUG/sjhan] 19위: 인기가요
[2017-03-26 09:17:54,783: DEBUG/sjhan] 
[2017-03-26 09:17:54,783: DEBUG/sjhan] 20위: 갤럭시s8
[2017-03-26 09:17:54,784: DEBUG/sjhan] 
[2017-03-26 10:47:33,136: DEBUG/sjhan] Start Healthcheck at (2017-03-26 10:47:33)
[2017-03-26 10:47:33,137: DEBUG/sjhan] Desination URL : daum.net
[2017-03-26 10:47:37,368: WARNING/sjhan] Connection Failed
[2017-03-26 10:47:37,379: DEBUG/connectionpool] Starting new HTTP connection (1): www.naver.com
[2017-03-26 10:47:38,311: DEBUG/connectionpool] http://www.naver.com:80 "GET / HTTP/1.1" 200 21456
[2017-03-26 10:47:38,439: DEBUG/sjhan] 
[2017-03-26 10:47:38,443: DEBUG/sjhan] 
[2017-03-26 10:47:38,446: DEBUG/sjhan] 
[2017-03-26 10:47:38,449: DEBUG/sjhan] 
[2017-03-26 10:47:38,452: DEBUG/sjhan] 
[2017-03-26 10:47:38,455: DEBUG/sjhan] 
[2017-03-26 10:47:38,458: DEBUG/sjhan] 
[2017-03-26 10:47:38,460: DEBUG/sjhan] 
[2017-03-26 10:47:38,463: DEBUG/sjhan] 
[2017-03-26 10:47:38,466: DEBUG/sjhan] 
[2017-03-26 10:47:38,469: DEBUG/sjhan] 
[2017-03-26 10:47:38,472: DEBUG/sjhan] 
[2017-03-26 10:47:38,475: DEBUG/sjhan] 
[2017-03-26 10:47:38,478: DEBUG/sjhan] 
[2017-03-26 10:47:38,481: DEBUG/sjhan] 
[2017-03-26 10:47:38,484: DEBUG/sjhan] 
[2017-03-26 10:47:38,487: DEBUG/sjhan] 
[2017-03-26 10:47:38,489: DEBUG/sjhan] 
[2017-03-26 10:47:38,492: DEBUG/sjhan] 
[2017-03-26 10:47:38,495: DEBUG/sjhan] 
[2017-03-26 10:47:38,498: DEBUG/sjhan] 
